2025-12-07T18:24:50.384Z INFO SharedStateManager initialized
2025-12-07T18:24:50.388Z INFO Is remote: false
2025-12-07T18:24:50.392Z INFO Starting Local. Installation path: c:\Users\hp\Desktop\Desktop_Placed\Tradyxa Aztryx
2025-12-07T18:24:50.395Z INFO [MainProvider] Creating new MainProvider instance...
2025-12-07T18:24:50.402Z INFO [TabsManager] Code view listener set up at initialization
2025-12-07T18:24:50.409Z INFO Installation path exists: c:\Users\hp\Desktop\Desktop_Placed\Tradyxa Aztryx
2025-12-07T18:24:50.418Z INFO Initializing database with URL: file:c:\Users\hp\Desktop\Desktop_Placed\Tradyxa Aztryx\pythagora-core\data\database\pythagora.db
2025-12-07T18:24:50.430Z INFO Database file exists, skipping prisma generate/push for faster startup
2025-12-07T18:24:50.436Z INFO Database initialized successfully
2025-12-07T18:24:50.442Z INFO [Migration] Checking for database migration...
2025-12-07T18:24:55.962Z INFO [Migration] No migration needed
2025-12-07T18:24:56.577Z INFO Starting right sidebar creation...
2025-12-07T18:24:56.581Z INFO Initializing MainProvider...
2025-12-07T18:24:56.584Z INFO Updating user profile...
2025-12-07T18:24:56.588Z INFO No access token found when trying to fetch user profile
2025-12-07T18:24:56.592Z INFO Creating right panel...
2025-12-07T18:24:56.596Z INFO Creating right panel...
2025-12-07T18:24:56.600Z INFO Closing all existing tabs...
2025-12-07T18:24:56.746Z INFO Right panel webview created
2025-12-07T18:24:56.753Z INFO Right panel HTML set successfully
2025-12-07T18:24:56.758Z INFO Right panel setup completed
2025-12-07T18:24:56.766Z INFO Setting up right panel dependencies...
2025-12-07T18:24:56.865Z INFO Right panel dependencies setup complete, waiting for ready signal...
2025-12-07T18:25:10.719Z INFO [Message Router] Routing rightPanelReady through unified router
2025-12-07T18:25:10.729Z INFO [Message Router] Routing rightBarRendered through unified router
2025-12-07T18:25:10.739Z INFO Right panel setup completed successfully
2025-12-07T18:25:10.743Z INFO Right panel created via MainProvider
2025-12-07T18:25:10.750Z INFO Storing initial prompt...
2025-12-07T18:25:10.755Z INFO Tracing first panel open...
2025-12-07T18:25:10.848Z INFO [Message Router] Routing traceTelemetry through unified router
2025-12-07T18:25:10.898Z INFO [Message Router] Routing loginWithGoogle through unified router
2025-12-07T18:25:12.175Z INFO [continue-with-google-button-clicked] Tracing event:
2025-12-07T18:25:26.690Z INFO Right sidebar setup completed successfully
2025-12-07T18:25:26.926Z INFO Right sidebar already exists or is being created
2025-12-07T18:25:42.544Z INFO [Message Router] Routing rightPanelReady through unified router
2025-12-07T18:25:42.567Z INFO [Message Router] Routing rightBarRendered through unified router
2025-12-07T18:25:42.799Z INFO [Message Router] Routing traceTelemetry through unified router
2025-12-07T18:25:42.809Z INFO [segmentation_page_loaded] Tracing event:
2025-12-07T18:25:50.449Z INFO [Message Router] Routing traceTelemetry through unified router
2025-12-07T18:25:50.468Z INFO [backend-dropdown-clicked] Tracing event:
2025-12-07T18:25:53.651Z INFO [Message Router] Routing traceTelemetry through unified router
2025-12-07T18:25:53.667Z INFO [describe-dropdown-clicked] Tracing event:
2025-12-07T18:25:57.543Z INFO [Message Router] Routing traceTelemetry through unified router
2025-12-07T18:25:57.552Z INFO [usecase-dropdown-clicked] Tracing event:
2025-12-07T18:26:00.727Z INFO [Message Router] Routing traceTelemetry through unified router
2025-12-07T18:26:00.738Z INFO [source-dropdown-clicked] Tracing event:
2025-12-07T18:26:01.358Z INFO [Message Router] Routing traceTelemetry through unified router
2025-12-07T18:26:01.365Z INFO [Message Router] Routing segment through unified router
2025-12-07T18:26:01.415Z INFO [Message Router] Routing traceTelemetry through unified router
2025-12-07T18:26:01.422Z INFO [segmentation_continue_button_clicked] Tracing event:
2025-12-07T18:26:01.429Z INFO [continue-button-clicked] Tracing event:
2025-12-07T18:26:04.410Z INFO [Message Router] Routing getProjects through unified router
2025-12-07T18:26:04.427Z INFO [Message Router] Routing getDeployments through unified router
2025-12-07T18:26:04.530Z INFO [Message Router] Routing checkEnv through unified router
2025-12-07T18:26:06.377Z INFO Successfully posted projects to Pythagora API
2025-12-07T18:26:11.943Z INFO [Message Router] Routing traceTelemetry through unified router
2025-12-07T18:26:11.950Z INFO [Message Router] Routing updateUserChoice through unified router
2025-12-07T18:26:11.958Z INFO [local-button-clicked] Tracing event:
2025-12-07T18:26:30.234Z INFO Right panel disposed, triggering cleanup...
2025-12-07T18:26:30.238Z INFO Right panel disposed, cleaning up...
2025-12-07T18:26:30.242Z INFO [Message Router] Routing coreExited through unified router
2025-12-07T18:26:30.247Z INFO Closing entire Pythagora extension...
2025-12-07T18:26:30.266Z INFO Pythagora extension closed
2025-12-07T18:26:31.660Z INFO Closing entire Pythagora extension...
2025-12-07T18:26:31.722Z ERROR Error closing extension
Error: Canceled
Stack: Canceled: Canceled
	at new ij (file:///c:/Users/hp/AppData/Local/Programs/Microsoft%20VS%20Code/resources/app/out/vs/workbench/api/node/extensionHostProcess.js:29:120021)
	at JS.U (file:///c:/Users/hp/AppData/Local/Programs/Microsoft%20VS%20Code/resources/app/out/vs/workbench/api/node/extensionHostProcess.js:29:124631)
	at s.<computed>.n.charCodeAt.s.<computed> (file:///c:/Users/hp/AppData/Local/Programs/Microsoft%20VS%20Code/resources/app/out/vs/workbench/api/node/extensionHostProcess.js:29:122125)
	at Zy.g (file:///c:/Users/hp/AppData/Local/Programs/Microsoft%20VS%20Code/resources/app/out/vs/workbench/api/node/extensionHostProcess.js:114:41133)
	at Zy.executeCommand (file:///c:/Users/hp/AppData/Local/Programs/Microsoft%20VS%20Code/resources/app/out/vs/workbench/api/node/extensionHostProcess.js:114:40637)
	at Object.executeCommand (file:///c:/Users/hp/AppData/Local/Programs/Microsoft%20VS%20Code/resources/app/out/vs/workbench/api/node/extensionHostProcess.js:210:101000)
	at closeEntirePythagoraExtension (c:\Users\hp\.vscode\extensions\pythagoratechnologies.pythagora-vs-code-2.6.16\out\extension.js:560:31)
	at Object.deactivate (c:\Users\hp\.vscode\extensions\pythagoratechnologies.pythagora-vs-code-2.6.16\out\extension.js:427:15)
	at kX.eb (file:///c:/Users/hp/AppData/Local/Programs/Microsoft%20VS%20Code/resources/app/out/vs/workbench/api/node/extensionHostProcess.js:118:11850)
	at file:///c:/Users/hp/AppData/Local/Programs/Microsoft%20VS%20Code/resources/app/out/vs/workbench/api/node/extensionHostProcess.js:118:10000
	at Array.map (<anonymous>)
	at kX.$ (file:///c:/Users/hp/AppData/Local/Programs/Microsoft%20VS%20Code/resources/app/out/vs/workbench/api/node/extensionHostProcess.js:118:9988)
	at kX.terminate (file:///c:/Users/hp/AppData/Local/Programs/Microsoft%20VS%20Code/resources/app/out/vs/workbench/api/node/extensionHostProcess.js:118:10231)
	at nN.terminate (file:///c:/Users/hp/AppData/Local/Programs/Microsoft%20VS%20Code/resources/app/out/vs/workbench/api/node/extensionHostProcess.js:120:914)
	at Fs (file:///c:/Users/hp/AppData/Local/Programs/Microsoft%20VS%20Code/resources/app/out/vs/workbench/api/node/extensionHostProcess.js:402:10411)
	at MessagePortMain.<anonymous> (file:///c:/Users/hp/AppData/Local/Programs/Microsoft%20VS%20Code/resources/app/out/vs/workbench/api/node/extensionHostProcess.js:402:6949)
	at MessagePortMain.emit (node:events:519:28)
	at MessagePortMain.emit (node:domain:489:12)
	at MessagePortMain._internalPort.emit (node:electron/js2c/utility_init:2:2949)
	at Object.topLevelDomainCallback (node:domain:161:15)
	at Object.callbackTrampoline (node:internal/async_hooks:128:24)
Extra context: {
  "message": "Canceled"
}
